<?xml version="1.0" encoding="UTF-8"?>
<!-- Generated by org.testng.reporters.JUnitReportReporter -->
<testsuite skipped="0" hostname="GanesH" name="runner.RunTest" tests="1" failures="0" timestamp="13 Feb 2023 15:07:43 GMT" time="23.056" errors="0">
  <testcase name="runScenario" time="23.056" classname="runner.RunTest"/>
</testsuite> <!-- runner.RunTest -->
